
@@@ #1 disk_readblock: block 0

@@@ #2 disk_readblock: block 2

@@@ #3 disk_readblock: block 1

@@@ #4 disk_readblock: block 4

@@@ #5 disk_readblock: block 3

@@@ #6 disk_readblock: block 6

@@@ #7 disk_readblock: block 5

@@@ #8 disk_readblock: block 8

@@@ #9 disk_readblock: block 7

@@@ #10 disk_readblock: block 10

@@@ #11 disk_readblock: block 9

@@@ #12 disk_readblock: block 12

@@@ #13 disk_readblock: block 11

@@@ #14 disk_readblock: block 14

@@@ #15 disk_readblock: block 13

@@@ #16 disk_readblock: block 16

@@@ #17 disk_readblock: block 15

@@@ #18 disk_readblock: block 18

@@@ #19 disk_readblock: block 17

@@@ #20 disk_readblock: block 20

@@@ #21 disk_readblock: block 19

@@@ #22 disk_readblock: block 22

@@@ #23 disk_readblock: block 21

@@@ #24 disk_readblock: block 24

@@@ #25 disk_readblock: block 23

@@@ #26 disk_readblock: block 26

@@@ #27 disk_readblock: block 25

@@@ #28 disk_readblock: block 28

@@@ #29 disk_readblock: block 27

@@@ #30 disk_readblock: block 30

@@@ #31 disk_readblock: block 29

@@@ #32 disk_readblock: block 32

@@@ #33 disk_readblock: block 31

@@@ #34 disk_readblock: block 34

@@@ #35 disk_readblock: block 33

@@@ #36 disk_readblock: block 36

@@@ #37 disk_readblock: block 35

@@@ #38 disk_readblock: block 38

@@@ #39 disk_readblock: block 37

@@@ #40 disk_readblock: block 40

@@@ #41 disk_readblock: block 39

@@@ #42 disk_readblock: block 42

@@@ #43 disk_readblock: block 41

@@@ #44 disk_readblock: block 44

@@@ #45 disk_readblock: block 43

@@@ #46 disk_readblock: block 46

@@@ #47 disk_readblock: block 45

@@@ #48 disk_readblock: block 48

@@@ #49 disk_readblock: block 47

@@@ #50 disk_readblock: block 50

@@@ #51 disk_readblock: block 49

@@@ #52 disk_readblock: block 52

@@@ #53 disk_readblock: block 51

@@@ #54 disk_readblock: block 54

@@@ #55 disk_readblock: block 53

@@@ #56 disk_readblock: block 56

@@@ #57 disk_readblock: block 55

@@@ #58 disk_readblock: block 58

@@@ #59 disk_readblock: block 57

@@@ #60 disk_readblock: block 60

@@@ #61 disk_readblock: block 59

@@@ #62 disk_readblock: block 62

@@@ #63 disk_readblock: block 61

@@@ #64 disk_readblock: block 64

@@@ #65 disk_readblock: block 63

@@@ #66 disk_readblock: block 66

@@@ #67 disk_readblock: block 65

@@@ #68 disk_readblock: block 68

@@@ #69 disk_readblock: block 67

@@@ #70 disk_readblock: block 70

@@@ #71 disk_readblock: block 69

@@@ #72 disk_readblock: block 72

@@@ #73 disk_readblock: block 71

@@@ #74 disk_readblock: block 74

@@@ #75 disk_readblock: block 73

@@@ #76 disk_readblock: block 76

@@@ #77 disk_readblock: block 75

@@@ #78 disk_readblock: block 78

@@@ #79 disk_readblock: block 77

@@@ #80 disk_readblock: block 80

@@@ #81 disk_readblock: block 79

@@@ #82 disk_readblock: block 82

@@@ #83 disk_readblock: block 81

@@@ #84 disk_readblock: block 84

@@@ #85 disk_readblock: block 83

@@@ #86 disk_readblock: block 86

@@@ #87 disk_readblock: block 85

@@@ #88 disk_readblock: block 88

@@@ #89 disk_readblock: block 87

@@@ #90 disk_readblock: block 90

@@@ #91 disk_readblock: block 89

@@@ #92 disk_readblock: block 92

@@@ #93 disk_readblock: block 91

@@@ #94 disk_readblock: block 94

@@@ #95 disk_readblock: block 93

@@@ #96 disk_readblock: block 96

@@@ #97 disk_readblock: block 95

@@@ #98 disk_readblock: block 98

@@@ #99 disk_readblock: block 97

@@@ #100 disk_readblock: block 100

@@@ #101 disk_readblock: block 99

@@@ #102 disk_readblock: block 102

@@@ #103 disk_readblock: block 101

@@@ #104 disk_readblock: block 104

@@@ #105 disk_readblock: block 103

@@@ #106 disk_readblock: block 106

@@@ #107 disk_readblock: block 105

@@@ #108 disk_readblock: block 108

@@@ #109 disk_readblock: block 107

@@@ #110 disk_readblock: block 110

@@@ #111 disk_readblock: block 109

@@@ #112 disk_readblock: block 112

@@@ #113 disk_readblock: block 111

@@@ #114 disk_readblock: block 114

@@@ #115 disk_readblock: block 113

@@@ #116 disk_readblock: block 116

@@@ #117 disk_readblock: block 115

@@@ #118 disk_readblock: block 118

@@@ #119 disk_readblock: block 117

@@@ #120 disk_readblock: block 120

@@@ #121 disk_readblock: block 119

@@@ #122 disk_readblock: block 122

@@@ #123 disk_readblock: block 121

@@@ #124 disk_readblock: block 124

@@@ #125 disk_readblock: block 123

@@@ #126 disk_readblock: block 126

@@@ #127 disk_readblock: block 125
Listening on port number: 10000

@@@ #128 port 10000
found connection at 5

@@@ #129 disk_readblock: block 0

@@@ #130 disk_readblock: block 2

@@@ #131 disk_readblock: block 1

@@@ #132 disk_readblock: block 4

@@@ #133 disk_readblock: block 3

@@@ #134 disk_readblock: block 6

@@@ #135 disk_readblock: block 5

@@@ #136 disk_readblock: block 8

@@@ #137 disk_readblock: block 7

@@@ #138 disk_readblock: block 10

@@@ #139 disk_readblock: block 9

@@@ #140 disk_readblock: block 12

@@@ #141 disk_readblock: block 11

@@@ #142 disk_readblock: block 14

@@@ #143 disk_readblock: block 13

@@@ #144 disk_readblock: block 16

@@@ #145 disk_readblock: block 15

@@@ #146 disk_readblock: block 18

@@@ #147 disk_readblock: block 17

@@@ #148 disk_readblock: block 20

@@@ #149 disk_readblock: block 19

@@@ #150 disk_readblock: block 22

@@@ #151 disk_readblock: block 21

@@@ #152 disk_readblock: block 24

@@@ #153 disk_readblock: block 23

@@@ #154 disk_readblock: block 26

@@@ #155 disk_readblock: block 25

@@@ #156 disk_readblock: block 28

@@@ #157 disk_readblock: block 27

@@@ #158 disk_readblock: block 30

@@@ #159 disk_readblock: block 29

@@@ #160 disk_readblock: block 32

@@@ #161 disk_readblock: block 31

@@@ #162 disk_readblock: block 34

@@@ #163 disk_readblock: block 33

@@@ #164 disk_readblock: block 36

@@@ #165 disk_readblock: block 35

@@@ #166 disk_readblock: block 38

@@@ #167 disk_readblock: block 37

@@@ #168 disk_readblock: block 40

@@@ #169 disk_readblock: block 39

@@@ #170 disk_readblock: block 42

@@@ #171 disk_readblock: block 41

@@@ #172 disk_readblock: block 44

@@@ #173 disk_readblock: block 43

@@@ #174 disk_readblock: block 46

@@@ #175 disk_readblock: block 45

@@@ #176 disk_readblock: block 48

@@@ #177 disk_readblock: block 47

@@@ #178 disk_readblock: block 50

@@@ #179 disk_readblock: block 49

@@@ #180 disk_readblock: block 52

@@@ #181 disk_readblock: block 51

@@@ #182 disk_readblock: block 54

@@@ #183 disk_readblock: block 53

@@@ #184 disk_readblock: block 56

@@@ #185 disk_readblock: block 55

@@@ #186 disk_readblock: block 58

@@@ #187 disk_readblock: block 57

@@@ #188 disk_readblock: block 60

@@@ #189 disk_readblock: block 59

@@@ #190 disk_readblock: block 62

@@@ #191 disk_readblock: block 61

@@@ #192 disk_readblock: block 64

@@@ #193 disk_readblock: block 63

@@@ #194 disk_readblock: block 66

@@@ #195 disk_readblock: block 65

@@@ #196 disk_readblock: block 68

@@@ #197 disk_readblock: block 67

@@@ #198 disk_readblock: block 70

@@@ #199 disk_readblock: block 69

@@@ #200 disk_readblock: block 72

@@@ #201 disk_readblock: block 71

@@@ #202 disk_readblock: block 74

@@@ #203 disk_readblock: block 73

@@@ #204 disk_readblock: block 76

@@@ #205 disk_readblock: block 75

@@@ #206 disk_readblock: block 78

@@@ #207 disk_readblock: block 77

@@@ #208 disk_readblock: block 80

@@@ #209 disk_readblock: block 79

@@@ #210 disk_readblock: block 82

@@@ #211 disk_readblock: block 81

@@@ #212 disk_readblock: block 84

@@@ #213 disk_readblock: block 83

@@@ #214 disk_readblock: block 86

@@@ #215 disk_readblock: block 85

@@@ #216 disk_readblock: block 88

@@@ #217 disk_readblock: block 87

@@@ #218 disk_readblock: block 90

@@@ #219 disk_readblock: block 89

@@@ #220 disk_readblock: block 92

@@@ #221 disk_readblock: block 91

@@@ #222 disk_readblock: block 94

@@@ #223 disk_readblock: block 93

@@@ #224 disk_readblock: block 96

@@@ #225 disk_readblock: block 95

@@@ #226 disk_readblock: block 98

@@@ #227 disk_readblock: block 97

@@@ #228 disk_readblock: block 100

@@@ #229 disk_readblock: block 99

@@@ #230 disk_readblock: block 102

@@@ #231 disk_readblock: block 101

@@@ #232 disk_readblock: block 104

@@@ #233 disk_readblock: block 103

@@@ #234 disk_readblock: block 106

@@@ #235 disk_readblock: block 105

@@@ #236 disk_readblock: block 108

@@@ #237 disk_readblock: block 107

@@@ #238 disk_readblock: block 110

@@@ #239 disk_readblock: block 109

@@@ #240 disk_readblock: block 112

@@@ #241 disk_readblock: block 111

@@@ #242 disk_readblock: block 114

@@@ #243 disk_readblock: block 113

@@@ #244 disk_readblock: block 116

@@@ #245 disk_readblock: block 115

@@@ #246 disk_readblock: block 118

@@@ #247 disk_readblock: block 117

@@@ #248 disk_readblock: block 120

@@@ #249 disk_readblock: block 119

@@@ #250 disk_readblock: block 122

@@@ #251 disk_readblock: block 121

@@@ #252 disk_readblock: block 124

@@@ #253 disk_readblock: block 123

@@@ #254 disk_readblock: block 126

@@@ #255 disk_readblock: block 125

@@@ #256 disk_writeblock: block 127

@@@ #257 disk_writeblock: block 128

@@@ #258 disk_writeblock: block 125

@@@ #259 send 5 147 FS_CREATE user1 /a/a/a/a/a/a/a/a/a/a/a/a/a/a/a/a/a/a/a/a/a/a/a/a/a/a/a/a/a/a/a/a/a/a/a/a/a/a/a/a/a/a/a/a/a/a/a/a/a/a/a/a/a/a/a/a/a/a/a/a/a/a/a/a d