
@@@ #1 disk_readblock: block 0

@@@ #2 disk_readblock: block 2

@@@ #3 disk_readblock: block 1

@@@ #4 disk_readblock: block 4

@@@ #5 disk_readblock: block 3

@@@ #6 disk_readblock: block 5

@@@ #7 disk_readblock: block 7

@@@ #8 disk_readblock: block 6

@@@ #9 disk_readblock: block 9

@@@ #10 disk_readblock: block 8

@@@ #11 disk_readblock: block 10
Listening on port number: 10000

@@@ #12 port 10000
found connection at 5

@@@ #13 disk_readblock: block 0

@@@ #14 disk_readblock: block 2

@@@ #15 disk_readblock: block 1

@@@ #16 disk_readblock: block 4

@@@ #17 disk_readblock: block 5

@@@ #18 disk_readblock: block 7

@@@ #19 disk_readblock: block 6

@@@ #20 disk_readblock: block 9

@@@ #21 disk_readblock: block 10

@@@ #22 disk_readblock: block 12

@@@ #23 send 5 44 FS_READBLOCK user1 /dir/anand/david/david 0